[ 50%] Built target listener_component
[ 50%] [32mBuilding CXX object CMakeFiles/talker_component.dir/src/talker_component.cpp.o[0m
[01m[K/home/gaeun/composition_assignment/src/talker_component.cpp:[m[K In member function â€˜[01m[Kvoid composition::Talker::on_timer()[m[Kâ€™:
[01m[K/home/gaeun/composition_assignment/src/talker_component.cpp:53:15:[m[K [01;31m[Kerror: [m[Kâ€˜[01m[Kkey_location[m[Kâ€™ was not declared in this scope
   53 |   std::strcpy([01;31m[Kkey_location[m[K, "HACKED");
      |               [01;31m[K^~~~~~~~~~~~[m[K
In file included from [01m[K/opt/ros/humble/include/class_loader/class_loader/class_loader.hpp:50[m[K,
                 from [01m[K/opt/ros/humble/include/rclcpp_components/rclcpp_components/register_node_macro.hpp:18[m[K,
                 from [01m[K/home/gaeun/composition_assignment/src/talker_component.cpp:59[m[K:
[01m[K/usr/include/console_bridge/console.h:[m[K At global scope:
[01m[K/usr/include/console_bridge/console.h:115:31:[m[K [01;31m[Kerror: [m[Kâ€˜[01m[Kstring[m[Kâ€™ in namespace â€˜[01m[Kcomposition::std[m[Kâ€™ does not name a type
  115 |   virtual void log(const std::[01;31m[Kstring[m[K &text, LogLevel level, const char *filename, int line) = 0;
      |                               [01;31m[K^~~~~~[m[K
[01m[K/usr/include/console_bridge/console.h:126:31:[m[K [01;31m[Kerror: [m[Kâ€˜[01m[Kstring[m[Kâ€™ in namespace â€˜[01m[Kcomposition::std[m[Kâ€™ does not name a type
  126 |   virtual void log(const std::[01;31m[Kstring[m[K &text, LogLevel level, const char *filename, int line);
      |                               [01;31m[K^~~~~~[m[K
[01m[K/usr/include/console_bridge/console.h:138:31:[m[K [01;31m[Kerror: [m[Kâ€˜[01m[Kstring[m[Kâ€™ in namespace â€˜[01m[Kcomposition::std[m[Kâ€™ does not name a type
  138 |   virtual void log(const std::[01;31m[Kstring[m[K &text, LogLevel level, const char *filename, int line);
      |                               [01;31m[K^~~~~~[m[K
In file included from [01m[K/opt/ros/humble/include/class_loader/class_loader/class_loader_core.hpp:56[m[K,
                 from [01m[K/opt/ros/humble/include/class_loader/class_loader/class_loader.hpp:55[m[K,
                 from [01m[K/opt/ros/humble/include/rclcpp_components/rclcpp_components/register_node_macro.hpp:18[m[K,
                 from [01m[K/home/gaeun/composition_assignment/src/talker_component.cpp:59[m[K:
[01m[K/opt/ros/humble/include/class_loader/class_loader/exceptions.hpp:48:1:[m[K [01;31m[Kerror: [m[Kexpected class-name before â€˜[01m[K{[m[Kâ€™ token
   48 | [01;31m[K{[m[K
      | [01;31m[K^[m[K
[01m[K/opt/ros/humble/include/class_loader/class_loader/exceptions.hpp:50:51:[m[K [01;31m[Kerror: [m[Kâ€˜[01m[Kstring[m[Kâ€™ in namespace â€˜[01m[Kcomposition::std[m[Kâ€™ does not name a type
   50 |   explicit inline ClassLoaderException(const std::[01;31m[Kstring[m[K & error_desc)
      |                                                   [01;31m[K^~~~~~[m[K
[01m[K/opt/ros/humble/include/class_loader/class_loader/exceptions.hpp:[m[K In constructor â€˜[01m[Kcomposition::class_loader::ClassLoaderException::ClassLoaderException(const int&)[m[Kâ€™:
[01m[K/opt/ros/humble/include/class_loader/class_loader/exceptions.hpp:51:23:[m[K [01;31m[Kerror: [m[Kexpected class-name before â€˜[01m[K([m[Kâ€™ token
   51 |   : std::runtime_error[01;31m[K([m[Kerror_desc)
      |                       [01;31m[K^[m[K
[01m[K/opt/ros/humble/include/class_loader/class_loader/exceptions.hpp:51:23:[m[K [01;31m[Kerror: [m[Kexpected â€˜[01m[K{[m[Kâ€™ before â€˜[01m[K([m[Kâ€™ token
[01m[K/opt/ros/humble/include/class_loader/class_loader/exceptions.hpp:[m[K At global scope:
[01m[K/opt/ros/humble/include/class_loader/class_loader/exceptions.hpp:62:51:[m[K [01;31m[Kerror: [m[Kâ€˜[01m[Kstring[m[Kâ€™ in namespace â€˜[01m[Kcomposition::std[m[Kâ€™ does not name a type
   62 |   explicit inline LibraryLoadException(const std::[01;31m[Kstring[m[K & error_desc)
      |                                                   [01;31m[K^~~~~~[m[K
[01m[K/opt/ros/humble/include/class_loader/class_loader/exceptions.hpp:74:53:[m[K [01;31m[Kerror: [m[Kâ€˜[01m[Kstring[m[Kâ€™ in namespace â€˜[01m[Kcomposition::std[m[Kâ€™ does not name a type
   74 |   explicit inline LibraryUnloadException(const std::[01;31m[Kstring[m[K & error_desc)
      |                                                     [01;31m[K^~~~~~[m[K
[01m[K/opt/ros/humble/include/class_loader/class_loader/exceptions.hpp:86:51:[m[K [01;31m[Kerror: [m[Kâ€˜[01m[Kstring[m[Kâ€™ in namespace â€˜[01m[Kcomposition::std[m[Kâ€™ does not name a type
   86 |   explicit inline CreateClassException(const std::[01;31m[Kstring[m[K & error_desc)
      |                                                   [01;31m[K^~~~~~[m[K
[01m[K/opt/ros/humble/include/class_loader/class_loader/exceptions.hpp:99:59:[m[K [01;31m[Kerror: [m[Kâ€˜[01m[Kstring[m[Kâ€™ in namespace â€˜[01m[Kcomposition::std[m[Kâ€™ does not name a type
   99 |   explicit inline NoClassLoaderExistsException(const std::[01;31m[Kstring[m[K & error_desc)
      |                                                           [01;31m[K^~~~~~[m[K
In file included from [01m[K/opt/ros/humble/include/class_loader/class_loader/class_loader_core.hpp:57[m[K,
                 from [01m[K/opt/ros/humble/include/class_loader/class_loader/class_loader.hpp:55[m[K,
                 from [01m[K/opt/ros/humble/include/rclcpp_components/rclcpp_components/register_node_macro.hpp:18[m[K,
                 from [01m[K/home/gaeun/composition_assignment/src/talker_component.cpp:59[m[K:
[01m[K/opt/ros/humble/include/class_loader/class_loader/meta_object.hpp:64:16:[m[K [01;31m[Kerror: [m[Kâ€˜[01m[Kstring[m[Kâ€™ in namespace â€˜[01m[Kcomposition::std[m[Kâ€™ does not name a type
   64 |     const std::[01;31m[Kstring[m[K & class_name,
      |                [01;31m[K^~~~~~[m[K
[01m[K/opt/ros/humble/include/class_loader/class_loader/meta_object.hpp:65:16:[m[K [01;31m[Kerror: [m[Kâ€˜[01m[Kstring[m[Kâ€™ in namespace â€˜[01m[Kcomposition::std[m[Kâ€™ does not name a type
   65 |     const std::[01;31m[Kstring[m[K & base_class_name,
      |                [01;31m[K^~~~~~[m[K
[01m[K/opt/ros/humble/include/class_loader/class_loader/meta_object.hpp:66:16:[m[K [01;31m[Kerror: [m[Kâ€˜[01m[Kstring[m[Kâ€™ in namespace â€˜[01m[Kcomposition::std[m[Kâ€™ does not name a type
   66 |     const std::[01;31m[Kstring[m[K & typeid_base_class_name = "UNSET");
      |                [01;31m[K^~~~~~[m[K
[01m[K/opt/ros/humble/include/class_loader/class_loader/meta_object.hpp:79:14:[m[K [01;31m[Kerror: [m[Kâ€˜[01m[Kstring[m[Kâ€™ in namespace â€˜[01m[Kcomposition::std[m[Kâ€™ does not name a type
   79 |   const std::[01;31m[Kstring[m[K & className() const;
      |              [01;31m[K^~~~~~[m[K
[01m[K/opt/ros/humble/include/class_loader/class_loader/meta_object.hpp:84:14:[m[K [01;31m[Kerror: [m[Kâ€˜[01m[Kstring[m[Kâ€™ in namespace â€˜[01m[Kcomposition::std[m[Kâ€™ does not name a type
   84 |   const std::[01;31m[Kstring[m[K & baseClassName() const;
      |              [01;31m[K^~~~~~[m[K
[01m[K/opt/ros/humble/include/class_loader/class_loader/meta_object.hpp:88:14:[m[K [01;31m[Kerror: [m[Kâ€˜[01m[Kstring[m[Kâ€™ in namespace â€˜[01m[Kcomposition::std[m[Kâ€™ does not name a type
   88 |   const std::[01;31m[Kstring[m[K & typeidBaseClassName() const;
      |              [01;31m[K^~~~~~[m[K
[01m[K/opt/ros/humble/include/class_loader/class_loader/meta_object.hpp:95:14:[m[K [01;31m[Kerror: [m[Kâ€˜[01m[Kstring[m[Kâ€™ in namespace â€˜[01m[Kcomposition::std[m[Kâ€™ does not name a type
   95 |   const std::[01;31m[Kstring[m[K & getAssociatedLibraryPath() const;
      |              [01;31m[K^~~~~~[m[K
[01m[K/opt/ros/humble/include/class_loader/class_loader/meta_object.hpp:100:44:[m[K [01;31m[Kerror: [m[Kâ€˜[01m[Kstring[m[Kâ€™ in namespace â€˜[01m[Kcomposition::std[m[Kâ€™ does not name a type
  100 |   void setAssociatedLibraryPath(const std::[01;31m[Kstring[m[K & library_path);
      |                                            [01;31m[K^~~~~~[m[K
[01m[K/opt/ros/humble/include/class_loader/class_loader/meta_object.hpp:66:50:[m[K [01;31m[Kerror: [m[Kinvalid conversion from â€˜[01m[Kconst char*[m[Kâ€™ to â€˜[01m[Kint[m[Kâ€™ [[01;31m[K]8;;https://gcc.gnu.org/onlinedocs/gcc/Warning-Options.html#index-fpermissive-fpermissive]8;;[m[K]
   66 |     const std::string & typeid_base_class_name = [01;31m[K"UNSET"[m[K);
      |                                                  [01;31m[K^~~~~~~[m[K
      |                                                  [01;31m[K|[m[K
      |                                                  [01;31m[Kconst char*[m[K
[01m[K/opt/ros/humble/include/class_loader/class_loader/meta_object.hpp:171:33:[m[K [01;31m[Kerror: [m[Kâ€˜[01m[Kstring[m[Kâ€™ in namespace â€˜[01m[Kcomposition::std[m[Kâ€™ does not name a type
  171 |   AbstractMetaObject(const std::[01;31m[Kstring[m[K & class_name, const std::string & base_class_name)
      |                                 [01;31m[K^~~~~~[m[K
[01m[K/opt/ros/humble/include/class_loader/class_loader/meta_object.hpp:171:65:[m[K [01;31m[Kerror: [m[Kâ€˜[01m[Kstring[m[Kâ€™ in namespace â€˜[01m[Kcomposition::std[m[Kâ€™ does not name a type
  171 | stractMetaObject(const std::string & class_name, const std::[01;31m[Kstring[m[K & base_class_name)
      |                                                             [01;31m[K^~~~~~[m[K

[01m[K/opt/ros/humble/include/class_loader/class_loader/meta_object.hpp:205:25:[m[K [01;31m[Kerror: [m[Kâ€˜[01m[Kstring[m[Kâ€™ in namespace â€˜[01m[Kcomposition::std[m[Kâ€™ does not name a type
  205 |   MetaObject(const std::[01;31m[Kstring[m[K & class_name, const std::string & base_class_name)
      |                         [01;31m[K^~~~~~[m[K
[01m[K/opt/ros/humble/include/class_loader/class_loader/meta_object.hpp:205:57:[m[K [01;31m[Kerror: [m[Kâ€˜[01m[Kstring[m[Kâ€™ in namespace â€˜[01m[Kcomposition::std[m[Kâ€™ does not name a type
  205 |   MetaObject(const std::string & class_name, const std::[01;31m[Kstring[m[K & base_class_name)
      |                                                         [01;31m[K^~~~~~[m[K
In file included from [01m[K/opt/ros/humble/include/class_loader/class_loader/class_loader.hpp:55[m[K,
                 from [01m[K/opt/ros/humble/include/rclcpp_components/rclcpp_components/register_node_macro.hpp:18[m[K,
                 from [01m[K/home/gaeun/composition_assignment/src/talker_component.cpp:59[m[K:
[01m[K/opt/ros/humble/include/class_loader/class_loader/class_loader_core.hpp:76:14:[m[K [01;31m[Kerror: [m[Kâ€˜[01m[Kstring[m[Kâ€™ in namespace â€˜[01m[Kcomposition::std[m[Kâ€™ does not name a type
   76 | typedef std::[01;31m[Kstring[m[K LibraryPath;
      |              [01;31m[K^~~~~~[m[K
[01m[K/opt/ros/humble/include/class_loader/class_loader/class_loader_core.hpp:77:14:[m[K [01;31m[Kerror: [m[Kâ€˜[01m[Kstring[m[Kâ€™ in namespace â€˜[01m[Kcomposition::std[m[Kâ€™ does not name a type
   77 | typedef std::[01;31m[Kstring[m[K ClassName;
      |              [01;31m[K^~~~~~[m[K
[01m[K/opt/ros/humble/include/class_loader/class_loader/class_loader_core.hpp:78:14:[m[K [01;31m[Kerror: [m[Kâ€˜[01m[Kstring[m[Kâ€™ in namespace â€˜[01m[Kcomposition::std[m[Kâ€™ does not name a type
   78 | typedef std::[01;31m[Kstring[m[K BaseClassName;
      |              [01;31m[K^~~~~~[m[K
[01m[K/opt/ros/humble/include/class_loader/class_loader/class_loader_core.hpp:79:14:[m[K [01;31m[Kerror: [m[Kâ€˜[01m[Kmap[m[Kâ€™ in namespace â€˜[01m[Kcomposition::std[m[Kâ€™ does not name a template type
   79 | typedef std::[01;31m[Kmap[m[K<ClassName, impl::AbstractMetaObjectBase *> FactoryMap;
      |              [01;31m[K^~~[m[K
[01m[K/opt/ros/humble/include/class_loader/class_loader/class_loader_core.hpp:80:14:[m[K [01;31m[Kerror: [m[Kâ€˜[01m[Kmap[m[Kâ€™ in namespace â€˜[01m[Kcomposition::std[m[Kâ€™ does not name a template type
   80 | typedef std::[01;31m[Kmap[m[K<BaseClassName, FactoryMap> BaseToFactoryMapMap;
      |              [01;31m[K^~~[m[K
[01m[K/opt/ros/humble/include/class_loader/class_loader/class_loader_core.hpp:81:14:[m[K [01;31m[Kerror: [m[Kâ€˜[01m[Kpair[m[Kâ€™ in namespace â€˜[01m[Kcomposition::std[m[Kâ€™ does not name a template type
   81 | typedef std::[01;31m[Kpair[m[K<LibraryPath, std::shared_ptr<rcpputils::SharedLibrary>> LibraryPair;
      |              [01;31m[K^~~~[m[K
[01m[K/opt/ros/humble/include/class_loader/class_loader/class_loader_core.hpp:82:14:[m[K [01;31m[Kerror: [m[Kâ€˜[01m[Kvector[m[Kâ€™ in namespace â€˜[01m[Kcomposition::std[m[Kâ€™ does not name a template type
   82 | typedef std::[01;31m[Kvector[m[K<LibraryPair> LibraryVector;
      |              [01;31m[K^~~~~~[m[K
[01m[K/opt/ros/humble/include/class_loader/class_loader/class_loader_core.hpp:83:14:[m[K [01;31m[Kerror: [m[Kâ€˜[01m[Kvector[m[Kâ€™ in namespace â€˜[01m[Kcomposition::std[m[Kâ€™ does not name a template type
   83 | typedef std::[01;31m[Kvector[m[K<AbstractMetaObjectBase *> MetaObjectVector;
      |              [01;31m[K^~~~~~[m[K
[01m[K/opt/ros/humble/include/class_loader/class_loader/class_loader_core.hpp:100:1:[m[K [01;31m[Kerror: [m[Kâ€˜[01m[KBaseToFactoryMapMap[m[Kâ€™ does not name a type
  100 | [01;31m[KBaseToFactoryMapMap[m[K & getGlobalPluginBaseToFactoryMapMap();
      | [01;31m[K^~~~~~~~~~~~~~~~~~~[m[K
[01m[K/opt/ros/humble/include/class_loader/class_loader/class_loader_core.hpp:109:1:[m[K [01;31m[Kerror: [m[Kâ€˜[01m[KLibraryVector[m[Kâ€™ does not name a type
  109 | [01;31m[KLibraryVector[m[K & getLoadedLibraryVector();
      | [01;31m[K^~~~~~~~~~~~~[m[K
[01m[K/opt/ros/humble/include/class_loader/class_loader/class_loader_core.hpp:118:6:[m[K [01;31m[Kerror: [m[Kâ€˜[01m[Kstring[m[Kâ€™ in namespace â€˜[01m[Kcomposition::std[m[Kâ€™ does not name a type
  118 | std::[01;31m[Kstring[m[K getCurrentlyLoadingLibraryName();
      |      [01;31m[K^~~~~~[m[K
[01m[K/opt/ros/humble/include/class_loader/class_loader/class_loader_core.hpp:126:48:[m[K [01;31m[Kerror: [m[Kâ€˜[01m[Kstring[m[Kâ€™ in namespace â€˜[01m[Kcomposition::std[m[Kâ€™ does not name a type
  126 | void setCurrentlyLoadingLibraryName(const std::[01;31m[Kstring[m[K & library_name);
      |                                                [01;31m[K^~~~~~[m[K
[01m[K/opt/ros/humble/include/class_loader/class_loader/class_loader_core.hpp:154:1:[m[K [01;31m[Kerror: [m[Kâ€˜[01m[KFactoryMap[m[Kâ€™ does not name a type
  154 | [01;31m[KFactoryMap[m[K & getFactoryMapForBaseClass(const std::string & typeid_base_class_name);
      | [01;31m[K^~~~~~~~~~[m[K
[01m[K/opt/ros/humble/include/class_loader/class_loader/class_loader_core.hpp:162:1:[m[K [01;31m[Kerror: [m[Kâ€˜[01m[KFactoryMap[m[Kâ€™ does not name a type
  162 | [01;31m[KFactoryMap[m[K & getFactoryMapForBaseClass()
      | [01;31m[K^~~~~~~~~~[m[K
[01m[K/opt/ros/humble/include/class_loader/class_loader/class_loader_core.hpp:176:6:[m[K [01;31m[Kerror: [m[Kâ€˜[01m[Krecursive_mutex[m[Kâ€™ in namespace â€˜[01m[Kcomposition::std[m[Kâ€™ does not name a type
  176 | std::[01;31m[Krecursive_mutex[m[K & getLoadedLibraryVectorMutex();
      |      [01;31m[K^~~~~~~~~~~~~~~[m[K
[01m[K/opt/ros/humble/include/class_loader/class_loader/class_loader_core.hpp:178:6:[m[K [01;31m[Kerror: [m[Kâ€˜[01m[Krecursive_mutex[m[Kâ€™ in namespace â€˜[01m[Kcomposition::std[m[Kâ€™ does not name a type
  178 | std::[01;31m[Krecursive_mutex[m[K & getPluginBaseToFactoryMapMapMutex();
      |      [01;31m[K^~~~~~~~~~~~~~~[m[K
[01m[K/opt/ros/humble/include/class_loader/class_loader/class_loader_core.hpp:210:32:[m[K [01;31m[Kerror: [m[Kâ€˜[01m[Kstring[m[Kâ€™ in namespace â€˜[01m[Kcomposition::std[m[Kâ€™ does not name a type
  210 | void registerPlugin(const std::[01;31m[Kstring[m[K & class_name, const std::string & base_class_name)
      |                                [01;31m[K^~~~~~[m[K
[01m[K/opt/ros/humble/include/class_loader/class_loader/class_loader_core.hpp:210:64:[m[K [01;31m[Kerror: [m[Kâ€˜[01m[Kstring[m[Kâ€™ in namespace â€˜[01m[Kcomposition::std[m[Kâ€™ does not name a type
  210 | d registerPlugin(const std::string & class_name, const std::[01;31m[Kstring[m[K & base_class_name)
      |                                                             [01;31m[K^~~~~~[m[K

In file included from [01m[K/opt/ros/humble/include/class_loader/class_loader/class_loader.hpp:50[m[K,
                 from [01m[K/opt/ros/humble/include/rclcpp_components/rclcpp_components/register_node_macro.hpp:18[m[K,
                 from [01m[K/home/gaeun/composition_assignment/src/talker_component.cpp:59[m[K:
[01m[K/opt/ros/humble/include/class_loader/class_loader/class_loader_core.hpp:[m[K In function â€˜[01m[Kvoid composition::class_loader::impl::registerPlugin(const int&, const int&)[m[Kâ€™:
[01m[K/opt/ros/humble/include/class_loader/class_loader/class_loader_core.hpp:215:3:[m[K [01;31m[Kerror: [m[Krequest for member â€˜[01m[Kc_str[m[Kâ€™ in â€˜[01m[Kclass_name[m[Kâ€™, which is of non-class type â€˜[01m[Kconst int[m[Kâ€™
  215 |   [01;31m[KCONSOLE_BRIDGE_logDebug[m[K(
      |   [01;31m[K^~~~~~~~~~~~~~~~~~~~~~~[m[K
[01m[K/opt/ros/humble/include/class_loader/class_loader/class_loader_core.hpp:215:3:[m[K [01;31m[Kerror: [m[Kthere are no arguments to â€˜[01m[KgetCurrentlyLoadingLibraryName[m[Kâ€™ that depend on a template parameter, so a declaration of â€˜[01m[KgetCurrentlyLoadingLibraryName[m[Kâ€™ must be available [[01;31m[K]8;;https://gcc.gnu.org/onlinedocs/gcc/Warning-Options.html#index-fpermissive-fpermissive]8;;[m[K]
  215 |   [01;31m[KCONSOLE_BRIDGE_logDebug[m[K(
      |   [01;31m[K^~~~~~~~~~~~~~~~~~~~~~~[m[K
[01m[K/opt/ros/humble/include/class_loader/class_loader/class_loader_core.hpp:215:3:[m[K [01;36m[Knote: [m[K(if you use â€˜[01m[K-fpermissive[m[Kâ€™, G++ will accept your code, but allowing the use of an undeclared name is deprecated)
In file included from [01m[K/opt/ros/humble/include/class_loader/class_loader/class_loader.hpp:55[m[K,
                 from [01m[K/opt/ros/humble/include/rclcpp_components/rclcpp_components/register_node_macro.hpp:18[m[K,
                 from [01m[K/home/gaeun/composition_assignment/src/talker_component.cpp:59[m[K:
[01m[K/opt/ros/humble/include/class_loader/class_loader/class_loader_core.hpp:246:41:[m[K [01;31m[Kerror: [m[Kthere are no arguments to â€˜[01m[KgetCurrentlyLoadingLibraryName[m[Kâ€™ that depend on a template parameter, so a declaration of â€˜[01m[KgetCurrentlyLoadingLibraryName[m[Kâ€™ must be available [[01;31m[K]8;;https://gcc.gnu.org/onlinedocs/gcc/Warning-Options.html#index-fpermissive-fpermissive]8;;[m[K]
  246 |   new_factory->setAssociatedLibraryPath([01;31m[KgetCurrentlyLoadingLibraryName[m[K());
      |                                         [01;31m[K^~~~~~~~~~~~~~~~~~~~~~~~~~~~~~[m[K
[01m[K/opt/ros/humble/include/class_loader/class_loader/class_loader_core.hpp:250:3:[m[K [01;31m[Kerror: [m[Kthere are no arguments to â€˜[01m[KgetPluginBaseToFactoryMapMapMutex[m[Kâ€™ that depend on a template parameter, so a declaration of â€˜[01m[KgetPluginBaseToFactoryMapMapMutex[m[Kâ€™ must be available [[01;31m[K]8;;https://gcc.gnu.org/onlinedocs/gcc/Warning-Options.html#index-fpermissive-fpermissive]8;;[m[K]
  250 |   [01;31m[KgetPluginBaseToFactoryMapMapMutex[m[K().lock();
      |   [01;31m[K^~~~~~~~~~~~~~~~~~~~~~~~~~~~~~~~~[m[K
[01m[K/opt/ros/humble/include/class_loader/class_loader/class_loader_core.hpp:251:3:[m[K [01;31m[Kerror: [m[Kâ€˜[01m[KFactoryMap[m[Kâ€™ was not declared in this scope
  251 |   [01;31m[KFactoryMap[m[K & factoryMap = getFactoryMapForBaseClass<Base>();
      |   [01;31m[K^~~~~~~~~~[m[K
[01m[K/opt/ros/humble/include/class_loader/class_loader/class_loader_core.hpp:251:16:[m[K [01;31m[Kerror: [m[Kâ€˜[01m[KfactoryMap[m[Kâ€™ was not declared in this scope
  251 |   FactoryMap & [01;31m[KfactoryMap[m[K = getFactoryMapForBaseClass<Base>();
      |                [01;31m[K^~~~~~~~~~[m[K
[01m[K/opt/ros/humble/include/class_loader/class_loader/class_loader_core.hpp:251:29:[m[K [01;31m[Kerror: [m[Kâ€˜[01m[KgetFactoryMapForBaseClass[m[Kâ€™ was not declared in this scope
  251 |   FactoryMap & factoryMap = [01;31m[KgetFactoryMapForBaseClass[m[K<Base>();
      |                             [01;31m[K^~~~~~~~~~~~~~~~~~~~~~~~~[m[K
[01m[K/opt/ros/humble/include/class_loader/class_loader/class_loader_core.hpp:251:59:[m[K [01;31m[Kerror: [m[Kexpected primary-expression before â€˜[01m[K>[m[Kâ€™ token
  251 |   FactoryMap & factoryMap = getFactoryMapForBaseClass<Base[01;31m[K>[m[K();
      |                                                           [01;31m[K^[m[K
[01m[K/opt/ros/humble/include/class_loader/class_loader/class_loader_core.hpp:251:61:[m[K [01;31m[Kerror: [m[Kexpected primary-expression before â€˜[01m[K)[m[Kâ€™ token
  251 |   FactoryMap & factoryMap = getFactoryMapForBaseClass<Base>([01;31m[K)[m[K;
      |                                                             [01;31m[K^[m[K
In file included from [01m[K/opt/ros/humble/include/class_loader/class_loader/class_loader.hpp:50[m[K,
                 from [01m[K/opt/ros/humble/include/rclcpp_components/rclcpp_components/register_node_macro.hpp:18[m[K,
                 from [01m[K/home/gaeun/composition_assignment/src/talker_component.cpp:59[m[K:
[01m[K/opt/ros/humble/include/class_loader/class_loader/class_loader_core.hpp:253:5:[m[K [01;31m[Kerror: [m[Krequest for member â€˜[01m[Kc_str[m[Kâ€™ in â€˜[01m[Kclass_name[m[Kâ€™, which is of non-class type â€˜[01m[Kconst int[m[Kâ€™
  253 |     [01;31m[KCONSOLE_BRIDGE_logWarn[m[K(
      |     [01;31m[K^~~~~~~~~~~~~~~~~~~~~~[m[K
In file included from [01m[K/opt/ros/humble/include/class_loader/class_loader/class_loader.hpp:55[m[K,
                 from [01m[K/opt/ros/humble/include/rclcpp_components/rclcpp_components/register_node_macro.hpp:18[m[K,
                 from [01m[K/home/gaeun/composition_assignment/src/talker_component.cpp:59[m[K:
[01m[K/opt/ros/humble/include/class_loader/class_loader/class_loader_core.hpp:264:3:[m[K [01;31m[Kerror: [m[Kthere are no arguments to â€˜[01m[KgetPluginBaseToFactoryMapMapMutex[m[Kâ€™ that depend on a template parameter, so a declaration of â€˜[01m[KgetPluginBaseToFactoryMapMapMutex[m[Kâ€™ must be available [[01;31m[K]8;;https://gcc.gnu.org/onlinedocs/gcc/Warning-Options.html#index-fpermissive-fpermissive]8;;[m[K]
  264 |   [01;31m[KgetPluginBaseToFactoryMapMapMutex[m[K().unlock();
      |   [01;31m[K^~~~~~~~~~~~~~~~~~~~~~~~~~~~~~~~~[m[K
In file included from [01m[K/opt/ros/humble/include/class_loader/class_loader/class_loader.hpp:50[m[K,
                 from [01m[K/opt/ros/humble/include/rclcpp_components/rclcpp_components/register_node_macro.hpp:18[m[K,
                 from [01m[K/home/gaeun/composition_assignment/src/talker_component.cpp:59[m[K:
[01m[K/opt/ros/humble/include/class_loader/class_loader/class_loader_core.hpp:266:3:[m[K [01;31m[Kerror: [m[Krequest for member â€˜[01m[Kc_str[m[Kâ€™ in â€˜[01m[Kclass_name[m[Kâ€™, which is of non-class type â€˜[01m[Kconst int[m[Kâ€™
  266 |   [01;31m[KCONSOLE_BRIDGE_logDebug[m[K(
      |   [01;31m[K^~~~~~~~~~~~~~~~~~~~~~~[m[K
In file included from [01m[K/opt/ros/humble/include/class_loader/class_loader/class_loader.hpp:55[m[K,
                 from [01m[K/opt/ros/humble/include/rclcpp_components/rclcpp_components/register_node_macro.hpp:18[m[K,
                 from [01m[K/home/gaeun/composition_assignment/src/talker_component.cpp:59[m[K:
[01m[K/opt/ros/humble/include/class_loader/class_loader/class_loader_core.hpp:[m[K At global scope:
[01m[K/opt/ros/humble/include/class_loader/class_loader/class_loader_core.hpp:281:34:[m[K [01;31m[Kerror: [m[Kâ€˜[01m[Kstring[m[Kâ€™ in namespace â€˜[01m[Kcomposition::std[m[Kâ€™ does not name a type
  281 | Base * createInstance(const std::[01;31m[Kstring[m[K & derived_class_name, ClassLoader * loader)
      |                                  [01;31m[K^~~~~~[m[K
[01m[K/opt/ros/humble/include/class_loader/class_loader/class_loader_core.hpp:[m[K In function â€˜[01m[KBase* composition::class_loader::impl::createInstance(const int&, composition::class_loader::ClassLoader*)[m[Kâ€™:
[01m[K/opt/ros/humble/include/class_loader/class_loader/class_loader_core.hpp:285:3:[m[K [01;31m[Kerror: [m[Kthere are no arguments to â€˜[01m[KgetPluginBaseToFactoryMapMapMutex[m[Kâ€™ that depend on a template parameter, so a declaration of â€˜[01m[KgetPluginBaseToFactoryMapMapMutex[m[Kâ€™ must be available [[01;31m[K]8;;https://gcc.gnu.org/onlinedocs/gcc/Warning-Options.html#index-fpermissive-fpermissive]8;;[m[K]
  285 |   [01;31m[KgetPluginBaseToFactoryMapMapMutex[m[K().lock();
      |   [01;31m[K^~~~~~~~~~~~~~~~~~~~~~~~~~~~~~~~~[m[K
[01m[K/opt/ros/humble/include/class_loader/class_loader/class_loader_core.hpp:286:3:[m[K [01;31m[Kerror: [m[Kâ€˜[01m[KFactoryMap[m[Kâ€™ was not declared in this scope; did you mean â€˜[01m[Kfactory[m[Kâ€™?
  286 |   [01;31m[KFactoryMap[m[K & factoryMap = getFactoryMapForBaseClass<Base>();
      |   [01;31m[K^~~~~~~~~~[m[K
      |   [32m[Kfactory[m[K
[01m[K/opt/ros/humble/include/class_loader/class_loader/class_loader_core.hpp:286:16:[m[K [01;31m[Kerror: [m[Kâ€˜[01m[KfactoryMap[m[Kâ€™ was not declared in this scope; did you mean â€˜[01m[Kfactory[m[Kâ€™?
  286 |   FactoryMap & [01;31m[KfactoryMap[m[K = getFactoryMapForBaseClass<Base>();
      |                [01;31m[K^~~~~~~~~~[m[K
      |                [32m[Kfactory[m[K
[01m[K/opt/ros/humble/include/class_loader/class_loader/class_loader_core.hpp:286:29:[m[K [01;31m[Kerror: [m[Kâ€˜[01m[KgetFactoryMapForBaseClass[m[Kâ€™ was not declared in this scope
  286 |   FactoryMap & factoryMap = [01;31m[KgetFactoryMapForBaseClass[m[K<Base>();
      |                             [01;31m[K^~~~~~~~~~~~~~~~~~~~~~~~~[m[K
[01m[K/opt/ros/humble/include/class_loader/class_loader/class_loader_core.hpp:286:59:[m[K [01;31m[Kerror: [m[Kexpected primary-expression before â€˜[01m[K>[m[Kâ€™ token
  286 |   FactoryMap & factoryMap = getFactoryMapForBaseClass<Base[01;31m[K>[m[K();
      |                                                           [01;31m[K^[m[K
[01m[K/opt/ros/humble/include/class_loader/class_loader/class_loader_core.hpp:286:61:[m[K [01;31m[Kerror: [m[Kexpected primary-expression before â€˜[01m[K)[m[Kâ€™ token
  286 |   FactoryMap & factoryMap = getFactoryMapForBaseClass<Base>([01;31m[K)[m[K;
      |                                                             [01;31m[K^[m[K
In file included from [01m[K/opt/ros/humble/include/class_loader/class_loader/class_loader.hpp:50[m[K,
                 from [01m[K/opt/ros/humble/include/rclcpp_components/rclcpp_components/register_node_macro.hpp:18[m[K,
                 from [01m[K/home/gaeun/composition_assignment/src/talker_component.cpp:59[m[K:
[01m[K/opt/ros/humble/include/class_loader/class_loader/class_loader_core.hpp:290:5:[m[K [01;31m[Kerror: [m[Krequest for member â€˜[01m[Kc_str[m[Kâ€™ in â€˜[01m[Kderived_class_name[m[Kâ€™, which is of non-class type â€˜[01m[Kconst int[m[Kâ€™
  290 |     [01;31m[KCONSOLE_BRIDGE_logError[m[K(
      |     [01;31m[K^~~~~~~~~~~~~~~~~~~~~~~[m[K
In file included from [01m[K/opt/ros/humble/include/class_loader/class_loader/class_loader.hpp:55[m[K,
                 from [01m[K/opt/ros/humble/include/rclcpp_components/rclcpp_components/register_node_macro.hpp:18[m[K,
                 from [01m[K/home/gaeun/composition_assignment/src/talker_component.cpp:59[m[K:
[01m[K/opt/ros/humble/include/class_loader/class_loader/class_loader_core.hpp:293:3:[m[K [01;31m[Kerror: [m[Kthere are no arguments to â€˜[01m[KgetPluginBaseToFactoryMapMapMutex[m[Kâ€™ that depend on a template parameter, so a declaration of â€˜[01m[KgetPluginBaseToFactoryMapMapMutex[m[Kâ€™ must be available [[01;31m[K]8;;https://gcc.gnu.org/onlinedocs/gcc/Warning-Options.html#index-fpermissive-fpermissive]8;;[m[K]
  293 |   [01;31m[KgetPluginBaseToFactoryMapMapMutex[m[K().unlock();
      |   [01;31m[K^~~~~~~~~~~~~~~~~~~~~~~~~~~~~~~~~[m[K
[01m[K/opt/ros/humble/include/class_loader/class_loader/class_loader_core.hpp:[m[K At global scope:
[01m[K/opt/ros/humble/include/class_loader/class_loader/class_loader_core.hpp:336:6:[m[K [01;31m[Kerror: [m[Kâ€˜[01m[Kvector[m[Kâ€™ in namespace â€˜[01m[Kcomposition::std[m[Kâ€™ does not name a template type
  336 | std::[01;31m[Kvector[m[K<std::string> getAvailableClasses(const ClassLoader * loader)
      |      [01;31m[K^~~~~~[m[K
[01m[K/opt/ros/humble/include/class_loader/class_loader/class_loader_core.hpp:367:6:[m[K [01;31m[Kerror: [m[Kâ€˜[01m[Kvector[m[Kâ€™ in namespace â€˜[01m[Kcomposition::std[m[Kâ€™ does not name a template type
  367 | std::[01;31m[Kvector[m[K<std::string> getAllLibrariesUsedByClassLoader(const ClassLoader * loader);
      |      [01;31m[K^~~~~~[m[K
[01m[K/opt/ros/humble/include/class_loader/class_loader/class_loader_core.hpp:378:33:[m[K [01;31m[Kerror: [m[Kâ€˜[01m[Kstring[m[Kâ€™ in namespace â€˜[01m[Kcomposition::std[m[Kâ€™ does not name a type
  378 | bool isLibraryLoaded(const std::[01;31m[Kstring[m[K & library_path, const ClassLoader * loader);
      |                                 [01;31m[K^~~~~~[m[K
[01m[K/opt/ros/humble/include/class_loader/class_loader/class_loader_core.hpp:387:42:[m[K [01;31m[Kerror: [m[Kâ€˜[01m[Kstring[m[Kâ€™ in namespace â€˜[01m[Kcomposition::std[m[Kâ€™ does not name a type
  387 | bool isLibraryLoadedByAnybody(const std::[01;31m[Kstring[m[K & library_path);
      |                                          [01;31m[K^~~~~~[m[K
[01m[K/opt/ros/humble/include/class_loader/class_loader/class_loader_core.hpp:397:29:[m[K [01;31m[Kerror: [m[Kâ€˜[01m[Kstring[m[Kâ€™ in namespace â€˜[01m[Kcomposition::std[m[Kâ€™ does not name a type
  397 | void loadLibrary(const std::[01;31m[Kstring[m[K & library_path, ClassLoader * loader);
      |                             [01;31m[K^~~~~~[m[K
[01m[K/opt/ros/humble/include/class_loader/class_loader/class_loader_core.hpp:407:31:[m[K [01;31m[Kerror: [m[Kâ€˜[01m[Kstring[m[Kâ€™ in namespace â€˜[01m[Kcomposition::std[m[Kâ€™ does not name a type
  407 | void unloadLibrary(const std::[01;31m[Kstring[m[K & library_path, ClassLoader * loader);
      |                               [01;31m[K^~~~~~[m[K
In file included from [01m[K/opt/ros/humble/include/rclcpp_components/rclcpp_components/register_node_macro.hpp:18[m[K,
                 from [01m[K/home/gaeun/composition_assignment/src/talker_component.cpp:59[m[K:
[01m[K/opt/ros/humble/include/class_loader/class_loader/class_loader.hpp:71:6:[m[K [01;31m[Kerror: [m[Kâ€˜[01m[Kstring[m[Kâ€™ in namespace â€˜[01m[Kcomposition::std[m[Kâ€™ does not name a type
   71 | std::[01;31m[Kstring[m[K systemLibraryFormat(const std::string & library_name);
      |      [01;31m[K^~~~~~[m[K
[01m[K/opt/ros/humble/include/class_loader/class_loader/class_loader.hpp:83:28:[m[K [01;31m[Kerror: [m[Kâ€˜[01m[Kfunction[m[Kâ€™ in namespace â€˜[01m[Kcomposition::std[m[Kâ€™ does not name a template type
   83 |   using DeleterType = std::[01;31m[Kfunction[m[K<void (Base *)>;
      |                            [01;31m[K^~~~~~~~[m[K
[01m[K/opt/ros/humble/include/class_loader/class_loader/class_loader.hpp:86:26:[m[K [01;31m[Kerror: [m[Kâ€˜[01m[Kunique_ptr[m[Kâ€™ in namespace â€˜[01m[Kcomposition::std[m[Kâ€™ does not name a template type
   86 |   using UniquePtr = std::[01;31m[Kunique_ptr[m[K<Base, DeleterType<Base>>;
      |                          [01;31m[K^~~~~~~~~~[m[K
[01m[K/opt/ros/humble/include/class_loader/class_loader/class_loader.hpp:96:35:[m[K [01;31m[Kerror: [m[Kâ€˜[01m[Kstring[m[Kâ€™ in namespace â€˜[01m[Kcomposition::std[m[Kâ€™ does not name a type
   96 |   explicit ClassLoader(const std::[01;31m[Kstring[m[K & library_path, bool ondemand_load_unload = false);
      |                                   [01;31m[K^~~~~~[m[K
[01m[K/opt/ros/humble/include/class_loader/class_loader/class_loader.hpp:110:8:[m[K [01;31m[Kerror: [m[Kâ€˜[01m[Kvector[m[Kâ€™ in namespace â€˜[01m[Kcomposition::std[m[Kâ€™ does not name a template type
  110 |   std::[01;31m[Kvector[m[K<std::string> getAvailableClasses() const
      |        [01;31m[K^~~~~~[m[K
[01m[K/opt/ros/humble/include/class_loader/class_loader/class_loader.hpp:125:8:[m[K [01;31m[Kerror: [m[Kâ€˜[01m[Kshared_ptr[m[Kâ€™ in namespace â€˜[01m[Kcomposition::std[m[Kâ€™ does not name a template type
  125 |   std::[01;31m[Kshared_ptr[m[K<Base> createInstance(const std::string & derived_class_name)
      |        [01;31m[K^~~~~~~~~~[m[K
[01m[K/opt/ros/humble/include/class_loader/class_loader/class_loader.hpp:147:3:[m[K [01;31m[Kerror: [m[Kâ€˜[01m[KUniquePtr[m[Kâ€™ does not name a type
  147 |   [01;31m[KUniquePtr[m[K<Base> createUniqueInstance(const std::string & derived_class_name)
      |   [01;31m[K^~~~~~~~~[m[K
[01m[K/opt/ros/humble/include/class_loader/class_loader/class_loader.hpp:170:45:[m[K [01;31m[Kerror: [m[Kâ€˜[01m[Kstring[m[Kâ€™ in namespace â€˜[01m[Kcomposition::std[m[Kâ€™ does not name a type
  170 |   Base * createUnmanagedInstance(const std::[01;31m[Kstring[m[K & derived_class_name)
      |                                             [01;31m[K^~~~~~[m[K
[01m[K/opt/ros/humble/include/class_loader/class_loader/class_loader.hpp:183:36:[m[K [01;31m[Kerror: [m[Kâ€˜[01m[Kstring[m[Kâ€™ in namespace â€˜[01m[Kcomposition::std[m[Kâ€™ does not name a type
  183 |   bool isClassAvailable(const std::[01;31m[Kstring[m[K & class_name) const
      |                                    [01;31m[K^~~~~~[m[K
[01m[K/opt/ros/humble/include/class_loader/class_loader/class_loader.hpp:196:14:[m[K [01;31m[Kerror: [m[Kâ€˜[01m[Kstring[m[Kâ€™ in namespace â€˜[01m[Kcomposition::std[m[Kâ€™ does not name a type
  196 |   const std::[01;31m[Kstring[m[K & getLibraryPath() const;
      |              [01;31m[K^~~~~~[m[K
[01m[K/opt/ros/humble/include/class_loader/class_loader/class_loader.hpp:303:39:[m[K [01;31m[Kerror: [m[Kâ€˜[01m[Kstring[m[Kâ€™ in namespace â€˜[01m[Kcomposition::std[m[Kâ€™ does not name a type
  303 |   Base * createRawInstance(const std::[01;31m[Kstring[m[K & derived_class_name, bool managed)
      |                                       [01;31m[K^~~~~~[m[K
[01m[K/opt/ros/humble/include/class_loader/class_loader/class_loader.hpp:362:8:[m[K [01;31m[Kerror: [m[Kâ€˜[01m[Kstring[m[Kâ€™ in namespace â€˜[01m[Kcomposition::std[m[Kâ€™ does not name a type
  362 |   std::[01;31m[Kstring[m[K library_path_;
      |        [01;31m[K^~~~~~[m[K
[01m[K/opt/ros/humble/include/class_loader/class_loader/class_loader.hpp:364:8:[m[K [01;31m[Kerror: [m[Kâ€˜[01m[Krecursive_mutex[m[Kâ€™ in namespace â€˜[01m[Kcomposition::std[m[Kâ€™ does not name a type
  364 |   std::[01;31m[Krecursive_mutex[m[K load_ref_count_mutex_;
      |        [01;31m[K^~~~~~~~~~~~~~~[m[K
[01m[K/opt/ros/humble/include/class_loader/class_loader/class_loader.hpp:366:8:[m[K [01;31m[Kerror: [m[Kâ€˜[01m[Krecursive_mutex[m[Kâ€™ in namespace â€˜[01m[Kcomposition::std[m[Kâ€™ does not name a type
  366 |   std::[01;31m[Krecursive_mutex[m[K plugin_ref_count_mutex_;
      |        [01;31m[K^~~~~~~~~~~~~~~[m[K
[01m[K/opt/ros/humble/include/class_loader/class_loader/class_loader.hpp:[m[K In member function â€˜[01m[Kbool composition::class_loader::ClassLoader::isClassAvailable(const int&) const[m[Kâ€™:
[01m[K/opt/ros/humble/include/class_loader/class_loader/class_loader.hpp:185:10:[m[K [01;31m[Kerror: [m[Kâ€˜[01m[Kvector[m[Kâ€™ is not a member of â€˜[01m[Kcomposition::std[m[Kâ€™
  185 |     std::[01;31m[Kvector[m[K<std::string> available_classes = getAvailableClasses<Base>();
      |          [01;31m[K^~~~~~[m[K
[01m[K/opt/ros/humble/include/class_loader/class_loader/class_loader.hpp:185:10:[m[K [01;36m[Knote: [m[Ksuggested alternatives:
In file included from [01m[K/usr/include/c++/11/vector:67[m[K,
                 from [01m[K/usr/include/c++/11/functional:62[m[K,
                 from [01m[K/usr/include/c++/11/pstl/glue_algorithm_defs.h:13[m[K,
                 from [01m[K/usr/include/c++/11/algorithm:74[m[K,
                 from [01m[K/opt/ros/humble/include/rclcpp/rclcpp/executor.hpp:18[m[K,
                 from [01m[K/opt/ros/humble/include/rclcpp/rclcpp/executors/multi_threaded_executor.hpp:25[m[K,
                 from [01m[K/opt/ros/humble/include/rclcpp/rclcpp/executors.hpp:21[m[K,
                 from [01m[K/opt/ros/humble/include/rclcpp/rclcpp/rclcpp.hpp:155[m[K,
                 from [01m[K/home/gaeun/composition_assignment/include/composition/talker_component.hpp:19[m[K,
                 from [01m[K/home/gaeun/composition_assignment/src/talker_component.cpp:15[m[K:
[01m[K/usr/include/c++/11/bits/stl_vector.h:389:11:[m[K [01;36m[Knote: [m[K  â€˜[01m[Kstd::vector[m[Kâ€™
  389 |     class [01;36m[Kvector[m[K : protected _Vector_base<_Tp, _Alloc>
      |           [01;36m[K^~~~~~[m[K
In file included from [01m[K/usr/include/c++/11/functional:62[m[K,
                 from [01m[K/usr/include/c++/11/pstl/glue_algorithm_defs.h:13[m[K,
                 from [01m[K/usr/include/c++/11/algorithm:74[m[K,
                 from [01m[K/opt/ros/humble/include/rclcpp/rclcpp/executor.hpp:18[m[K,
                 from [01m[K/opt/ros/humble/include/rclcpp/rclcpp/executors/multi_threaded_executor.hpp:25[m[K,
                 from [01m[K/opt/ros/humble/include/rclcpp/rclcpp/executors.hpp:21[m[K,
                 from [01m[K/opt/ros/humble/include/rclcpp/rclcpp/rclcpp.hpp:155[m[K,
                 from [01m[K/home/gaeun/composition_assignment/include/composition/talker_component.hpp:19[m[K,
                 from [01m[K/home/gaeun/composition_assignment/src/talker_component.cpp:15[m[K:
[01m[K/usr/include/c++/11/vector:86:13:[m[K [01;36m[Knote: [m[K  â€˜[01m[Kstd::pmr::vector[m[Kâ€™
   86 |       using [01;36m[Kvector[m[K = std::vector<_Tp, polymorphic_allocator<_Tp>>;
      |             [01;36m[K^~~~~~[m[K
In file included from [01m[K/opt/ros/humble/include/rclcpp_components/rclcpp_components/register_node_macro.hpp:18[m[K,
                 from [01m[K/home/gaeun/composition_assignment/src/talker_component.cpp:59[m[K:
[01m[K/opt/ros/humble/include/class_loader/class_loader/class_loader.hpp:185:22:[m[K [01;31m[Kerror: [m[Kâ€˜[01m[Kstring[m[Kâ€™ is not a member of â€˜[01m[Kcomposition::std[m[Kâ€™
  185 |     std::vector<std::[01;31m[Kstring[m[K> available_classes = getAvailableClasses<Base>();
      |                      [01;31m[K^~~~~~[m[K
[01m[K/opt/ros/humble/include/class_loader/class_loader/class_loader.hpp:185:22:[m[K [01;36m[Knote: [m[Ksuggested alternatives:
In file included from [01m[K/usr/include/c++/11/iosfwd:39[m[K,
                 from [01m[K/usr/include/c++/11/bits/shared_ptr.h:52[m[K,
                 from [01m[K/usr/include/c++/11/memory:77[m[K,
                 from [01m[K/opt/ros/humble/include/rclcpp/rclcpp/rclcpp.hpp:153[m[K,
                 from [01m[K/home/gaeun/composition_assignment/include/composition/talker_component.hpp:19[m[K,
                 from [01m[K/home/gaeun/composition_assignment/src/talker_component.cpp:15[m[K:
[01m[K/usr/include/c++/11/bits/stringfwd.h:79:33:[m[K [01;36m[Knote: [m[K  â€˜[01m[Kstd::string[m[Kâ€™
   79 |   typedef basic_string<char>    [01;36m[Kstring[m[K;
      |                                 [01;36m[K^~~~~~[m[K
In file included from [01m[K/usr/include/c++/11/stdexcept:39[m[K,
                 from [01m[K/usr/include/c++/11/system_error:41[m[K,
                 from [01m[K/usr/include/c++/11/mutex:42[m[K,
                 from [01m[K/usr/include/c++/11/future:38[m[K,
                 from [01m[K/opt/ros/humble/include/rclcpp/rclcpp/executors.hpp:18[m[K,
                 from [01m[K/opt/ros/humble/include/rclcpp/rclcpp/rclcpp.hpp:155[m[K,
                 from [01m[K/home/gaeun/composition_assignment/include/composition/talker_component.hpp:19[m[K,
                 from [01m[K/home/gaeun/composition_assignment/src/talker_component.cpp:15[m[K:
[01m[K/usr/include/c++/11/string:67:11:[m[K [01;36m[Knote: [m[K  â€˜[01m[Kstd::pmr::string[m[Kâ€™
   67 |     using [01;36m[Kstring[m[K    = basic_string<char>;
      |           [01;36m[K^~~~~~[m[K
In file included from [01m[K/opt/ros/humble/include/rclcpp_components/rclcpp_components/register_node_macro.hpp:18[m[K,
                 from [01m[K/home/gaeun/composition_assignment/src/talker_component.cpp:59[m[K:
[01m[K/opt/ros/humble/include/class_loader/class_loader/class_loader.hpp:185:30:[m[K [01;31m[Kerror: [m[Kâ€˜[01m[Kavailable_classes[m[Kâ€™ was not declared in this scope
  185 |     std::vector<std::string> [01;31m[Kavailable_classes[m[K = getAvailableClasses<Base>();
      |                              [01;31m[K^~~~~~~~~~~~~~~~~[m[K
[01m[K/opt/ros/humble/include/class_loader/class_loader/class_loader.hpp:185:50:[m[K [01;31m[Kerror: [m[Kâ€˜[01m[KgetAvailableClasses[m[Kâ€™ was not declared in this scope
  185 |     std::vector<std::string> available_classes = [01;31m[KgetAvailableClasses[m[K<Base>();
      |                                                  [01;31m[K^~~~~~~~~~~~~~~~~~~[m[K
[01m[K/opt/ros/humble/include/class_loader/class_loader/class_loader.hpp:185:74:[m[K [01;31m[Kerror: [m[Kexpected primary-expression before â€˜[01m[K>[m[Kâ€™ token
  185 | d::vector<std::string> available_classes = getAvailableClasses<Base[01;31m[K>[m[K();
      |                                                                    [01;31m[K^[m[K

[01m[K/opt/ros/humble/include/class_loader/class_loader/class_loader.hpp:185:76:[m[K [01;31m[Kerror: [m[Kexpected primary-expression before â€˜[01m[K)[m[Kâ€™ token
  185 | d::vector<std::string> available_classes = getAvailableClasses<Base>([01;31m[K)[m[K;
      |                                                                      [01;31m[K^[m[K

[01m[K/opt/ros/humble/include/class_loader/class_loader/class_loader.hpp:186:17:[m[K [01;31m[Kerror: [m[Kâ€˜[01m[Kfind[m[Kâ€™ is not a member of â€˜[01m[Kcomposition::std[m[Kâ€™; did you mean â€˜[01m[Kstd::find[m[Kâ€™?
  186 |     return std::[01;31m[Kfind[m[K(
      |                 [01;31m[K^~~~[m[K
In file included from [01m[K/usr/include/c++/11/bits/locale_facets.h:48[m[K,
                 from [01m[K/usr/include/c++/11/bits/basic_ios.h:37[m[K,
                 from [01m[K/usr/include/c++/11/ios:44[m[K,
                 from [01m[K/usr/include/c++/11/ostream:38[m[K,
                 from [01m[K/usr/include/c++/11/iostream:39[m[K,
                 from [01m[K/opt/ros/humble/include/rclcpp/rclcpp/executor.hpp:22[m[K,
                 from [01m[K/opt/ros/humble/include/rclcpp/rclcpp/executors/multi_threaded_executor.hpp:25[m[K,
                 from [01m[K/opt/ros/humble/include/rclcpp/rclcpp/executors.hpp:21[m[K,
                 from [01m[K/opt/ros/humble/include/rclcpp/rclcpp/rclcpp.hpp:155[m[K,
                 from [01m[K/home/gaeun/composition_assignment/include/composition/talker_component.hpp:19[m[K,
                 from [01m[K/home/gaeun/composition_assignment/src/talker_component.cpp:15[m[K:
[01m[K/usr/include/c++/11/bits/streambuf_iterator.h:421:5:[m[K [01;36m[Knote: [m[Kâ€˜[01m[Kstd::find[m[Kâ€™ declared here
  421 |     [01;36m[Kfind[m[K(istreambuf_iterator<_CharT> __first,
      |     [01;36m[K^~~~[m[K
In file included from [01m[K/opt/ros/humble/include/rclcpp_components/rclcpp_components/register_node_macro.hpp:18[m[K,
                 from [01m[K/home/gaeun/composition_assignment/src/talker_component.cpp:59[m[K:
[01m[K/opt/ros/humble/include/class_loader/class_loader/class_loader.hpp:[m[K In member function â€˜[01m[Kvoid composition::class_loader::ClassLoader::onPluginDeletion(Base*)[m[Kâ€™:
[01m[K/opt/ros/humble/include/class_loader/class_loader/class_loader.hpp:270:10:[m[K [01;31m[Kerror: [m[Kâ€˜[01m[Klock_guard[m[Kâ€™ is not a member of â€˜[01m[Kcomposition::std[m[Kâ€™; did you mean â€˜[01m[Kstd::lock_guard[m[Kâ€™?
  270 |     std::[01;31m[Klock_guard[m[K<std::recursive_mutex> lock(plugin_ref_count_mutex_);
      |          [01;31m[K^~~~~~~~~~[m[K
In file included from [01m[K/usr/include/c++/11/mutex:43[m[K,
                 from [01m[K/usr/include/c++/11/future:38[m[K,
                 from [01m[K/opt/ros/humble/include/rclcpp/rclcpp/executors.hpp:18[m[K,
                 from [01m[K/opt/ros/humble/include/rclcpp/rclcpp/rclcpp.hpp:155[m[K,
                 from [01m[K/home/gaeun/composition_assignment/include/composition/talker_component.hpp:19[m[K,
                 from [01m[K/home/gaeun/composition_assignment/src/talker_component.cpp:15[m[K:
[01m[K/usr/include/c++/11/bits/std_mutex.h:223:11:[m[K [01;36m[Knote: [m[Kâ€˜[01m[Kstd::lock_guard[m[Kâ€™ declared here
  223 |     class [01;36m[Klock_guard[m[K
      |           [01;36m[K^~~~~~~~~~[m[K
In file included from [01m[K/opt/ros/humble/include/rclcpp_components/rclcpp_components/register_node_macro.hpp:18[m[K,
                 from [01m[K/home/gaeun/composition_assignment/src/talker_component.cpp:59[m[K:
[01m[K/opt/ros/humble/include/class_loader/class_loader/class_loader.hpp:270:26:[m[K [01;31m[Kerror: [m[Kâ€˜[01m[Krecursive_mutex[m[Kâ€™ is not a member of â€˜[01m[Kcomposition::std[m[Kâ€™; did you mean â€˜[01m[Kstd::recursive_mutex[m[Kâ€™?
  270 |     std::lock_guard<std::[01;31m[Krecursive_mutex[m[K> lock(plugin_ref_count_mutex_);
      |                          [01;31m[K^~~~~~~~~~~~~~~[m[K
In file included from [01m[K/usr/include/c++/11/future:38[m[K,
                 from [01m[K/opt/ros/humble/include/rclcpp/rclcpp/executors.hpp:18[m[K,
                 from [01m[K/opt/ros/humble/include/rclcpp/rclcpp/rclcpp.hpp:155[m[K,
                 from [01m[K/home/gaeun/composition_assignment/include/composition/talker_component.hpp:19[m[K,
                 from [01m[K/home/gaeun/composition_assignment/src/talker_component.cpp:15[m[K:
[01m[K/usr/include/c++/11/mutex:94:9:[m[K [01;36m[Knote: [m[Kâ€˜[01m[Kstd::recursive_mutex[m[Kâ€™ declared here
   94 |   class [01;36m[Krecursive_mutex[m[K : private __recursive_mutex_base
      |         [01;36m[K^~~~~~~~~~~~~~~[m[K
In file included from [01m[K/opt/ros/humble/include/rclcpp_components/rclcpp_components/register_node_macro.hpp:18[m[K,
                 from [01m[K/home/gaeun/composition_assignment/src/talker_component.cpp:59[m[K:
[01m[K/opt/ros/humble/include/class_loader/class_loader/class_loader.hpp:270:48:[m[K [01;31m[Kerror: [m[Kâ€˜[01m[Kplugin_ref_count_mutex_[m[Kâ€™ was not declared in this scope; did you mean â€˜[01m[Kplugin_ref_count_[m[Kâ€™?
  270 |     std::lock_guard<std::recursive_mutex> lock([01;31m[Kplugin_ref_count_mutex_[m[K);
      |                                                [01;31m[K^~~~~~~~~~~~~~~~~~~~~~~[m[K
      |                                                [32m[Kplugin_ref_count_[m[K
[01m[K/opt/ros/humble/include/class_loader/class_loader/class_loader.hpp:270:43:[m[K [01;31m[Kerror: [m[Kthere are no arguments to â€˜[01m[Klock[m[Kâ€™ that depend on a template parameter, so a declaration of â€˜[01m[Klock[m[Kâ€™ must be available [[01;31m[K]8;;https://gcc.gnu.org/onlinedocs/gcc/Warning-Options.html#index-fpermissive-fpermissive]8;;[m[K]
  270 |     std::lock_guard<std::recursive_mutex> [01;31m[Klock[m[K(plugin_ref_count_mutex_);
      |                                           [01;31m[K^~~~[m[K
In file included from [01m[K/opt/ros/humble/include/class_loader/class_loader/class_loader.hpp:50[m[K,
                 from [01m[K/opt/ros/humble/include/rclcpp_components/rclcpp_components/register_node_macro.hpp:18[m[K,
                 from [01m[K/home/gaeun/composition_assignment/src/talker_component.cpp:59[m[K:
[01m[K/opt/ros/humble/include/class_loader/class_loader/class_loader.hpp:278:9:[m[K [01;31m[Kerror: [m[Kthere are no arguments to â€˜[01m[KgetLibraryPath[m[Kâ€™ that depend on a template parameter, so a declaration of â€˜[01m[KgetLibraryPath[m[Kâ€™ must be available [[01;31m[K]8;;https://gcc.gnu.org/onlinedocs/gcc/Warning-Options.html#index-fpermissive-fpermissive]8;;[m[K]
  278 |         [01;31m[KCONSOLE_BRIDGE_logWarn[m[K(
      |         [01;31m[K^~~~~~~~~~~~~~~~~~~~~~[m[K
In file included from [01m[K/opt/ros/humble/include/rclcpp_components/rclcpp_components/register_node_macro.hpp:18[m[K,
                 from [01m[K/home/gaeun/composition_assignment/src/talker_component.cpp:59[m[K:
[01m[K/opt/ros/humble/include/class_loader/class_loader/class_loader.hpp:[m[K In member function â€˜[01m[KBase* composition::class_loader::ClassLoader::createRawInstance(const int&, bool)[m[Kâ€™:
[01m[K/opt/ros/humble/include/class_loader/class_loader/class_loader.hpp:331:12:[m[K [01;31m[Kerror: [m[Kâ€˜[01m[Klock_guard[m[Kâ€™ is not a member of â€˜[01m[Kcomposition::std[m[Kâ€™; did you mean â€˜[01m[Kstd::lock_guard[m[Kâ€™?
  331 |       std::[01;31m[Klock_guard[m[K<std::recursive_mutex> lock(plugin_ref_count_mutex_);
      |            [01;31m[K^~~~~~~~~~[m[K
In file included from [01m[K/usr/include/c++/11/mutex:43[m[K,
                 from [01m[K/usr/include/c++/11/future:38[m[K,
                 from [01m[K/opt/ros/humble/include/rclcpp/rclcpp/executors.hpp:18[m[K,
                 from [01m[K/opt/ros/humble/include/rclcpp/rclcpp/rclcpp.hpp:155[m[K,
                 from [01m[K/home/gaeun/composition_assignment/include/composition/talker_component.hpp:19[m[K,
                 from [01m[K/home/gaeun/composition_assignment/src/talker_component.cpp:15[m[K:
[01m[K/usr/include/c++/11/bits/std_mutex.h:223:11:[m[K [01;36m[Knote: [m[Kâ€˜[01m[Kstd::lock_guard[m[Kâ€™ declared here
  223 |     class [01;36m[Klock_guard[m[K
      |           [01;36m[K^~~~~~~~~~[m[K
In file included from [01m[K/opt/ros/humble/include/rclcpp_components/rclcpp_components/register_node_macro.hpp:18[m[K,
                 from [01m[K/home/gaeun/composition_assignment/src/talker_component.cpp:59[m[K:
[01m[K/opt/ros/humble/include/class_loader/class_loader/class_loader.hpp:331:28:[m[K [01;31m[Kerror: [m[Kâ€˜[01m[Krecursive_mutex[m[Kâ€™ is not a member of â€˜[01m[Kcomposition::std[m[Kâ€™; did you mean â€˜[01m[Kstd::recursive_mutex[m[Kâ€™?
  331 |       std::lock_guard<std::[01;31m[Krecursive_mutex[m[K> lock(plugin_ref_count_mutex_);
      |                            [01;31m[K^~~~~~~~~~~~~~~[m[K
In file included from [01m[K/usr/include/c++/11/future:38[m[K,
                 from [01m[K/opt/ros/humble/include/rclcpp/rclcpp/executors.hpp:18[m[K,
                 from [01m[K/opt/ros/humble/include/rclcpp/rclcpp/rclcpp.hpp:155[m[K,
                 from [01m[K/home/gaeun/composition_assignment/include/composition/talker_component.hpp:19[m[K,
                 from [01m[K/home/gaeun/composition_assignment/src/talker_component.cpp:15[m[K:
[01m[K/usr/include/c++/11/mutex:94:9:[m[K [01;36m[Knote: [m[Kâ€˜[01m[Kstd::recursive_mutex[m[Kâ€™ declared here
   94 |   class [01;36m[Krecursive_mutex[m[K : private __recursive_mutex_base
      |         [01;36m[K^~~~~~~~~~~~~~~[m[K
In file included from [01m[K/opt/ros/humble/include/rclcpp_components/rclcpp_components/register_node_macro.hpp:18[m[K,
                 from [01m[K/home/gaeun/composition_assignment/src/talker_component.cpp:59[m[K:
[01m[K/opt/ros/humble/include/class_loader/class_loader/class_loader.hpp:331:50:[m[K [01;31m[Kerror: [m[Kâ€˜[01m[Kplugin_ref_count_mutex_[m[Kâ€™ was not declared in this scope; did you mean â€˜[01m[Kplugin_ref_count_[m[Kâ€™?
  331 |       std::lock_guard<std::recursive_mutex> lock([01;31m[Kplugin_ref_count_mutex_[m[K);
      |                                                  [01;31m[K^~~~~~~~~~~~~~~~~~~~~~~[m[K
      |                                                  [32m[Kplugin_ref_count_[m[K
[01m[K/opt/ros/humble/include/class_loader/class_loader/class_loader.hpp:331:45:[m[K [01;31m[Kerror: [m[Kthere are no arguments to â€˜[01m[Klock[m[Kâ€™ that depend on a template parameter, so a declaration of â€˜[01m[Klock[m[Kâ€™ must be available [[01;31m[K]8;;https://gcc.gnu.org/onlinedocs/gcc/Warning-Options.html#index-fpermissive-fpermissive]8;;[m[K]
  331 |       std::lock_guard<std::recursive_mutex> [01;31m[Klock[m[K(plugin_ref_count_mutex_);
      |                                             [01;31m[K^~~~[m[K
In file included from [01m[K/opt/ros/humble/include/rclcpp_components/rclcpp_components/node_factory.hpp:19[m[K,
                 from [01m[K/opt/ros/humble/include/rclcpp_components/rclcpp_components/node_factory_template.hpp:21[m[K,
                 from [01m[K/opt/ros/humble/include/rclcpp_components/rclcpp_components/register_node_macro.hpp:19[m[K,
                 from [01m[K/home/gaeun/composition_assignment/src/talker_component.cpp:59[m[K:
[01m[K/opt/ros/humble/include/rclcpp_components/rclcpp_components/node_instance_wrapper.hpp:[m[K At global scope:
[01m[K/opt/ros/humble/include/rclcpp_components/rclcpp_components/node_instance_wrapper.hpp:29:40:[m[K [01;31m[Kerror: [m[Kâ€˜[01m[Kfunction[m[Kâ€™ in namespace â€˜[01m[Kcomposition::std[m[Kâ€™ does not name a template type
   29 |   using NodeBaseInterfaceGetter = std::[01;31m[Kfunction[m[K<
      |                                        [01;31m[K^~~~~~~~[m[K
[01m[K/opt/ros/humble/include/rclcpp_components/rclcpp_components/node_instance_wrapper.hpp:37:20:[m[K [01;31m[Kerror: [m[Kexpected â€˜[01m[K)[m[Kâ€™ before â€˜[01m[K<[m[Kâ€™ token
   37 |     std::shared_ptr[01;31m[K<[m[Kvoid> node_instance,
      |                    [01;31m[K^[m[K
      |                    [32m[K)[m[K
[01m[K/opt/ros/humble/include/rclcpp_components/rclcpp_components/node_instance_wrapper.hpp:36:22:[m[K [01;36m[Knote: [m[Kto match this â€˜[01m[K([m[Kâ€™
   36 |   NodeInstanceWrapper[01;36m[K([m[K
      |                      [01;36m[K^[m[K
[01m[K/opt/ros/humble/include/rclcpp_components/rclcpp_components/node_instance_wrapper.hpp:49:14:[m[K [01;31m[Kerror: [m[Kâ€˜[01m[Kshared_ptr[m[Kâ€™ in namespace â€˜[01m[Kcomposition::std[m[Kâ€™ does not name a template type
   49 |   const std::[01;31m[Kshared_ptr[m[K<void>
      |              [01;31m[K^~~~~~~~~~[m[K
[01m[K/opt/ros/humble/include/rclcpp_components/rclcpp_components/node_instance_wrapper.hpp:66:8:[m[K [01;31m[Kerror: [m[Kâ€˜[01m[Kshared_ptr[m[Kâ€™ in namespace â€˜[01m[Kcomposition::std[m[Kâ€™ does not name a template type
   66 |   std::[01;31m[Kshared_ptr[m[K<void> node_instance_;
      |        [01;31m[K^~~~~~~~~~[m[K
[01m[K/opt/ros/humble/include/rclcpp_components/rclcpp_components/node_instance_wrapper.hpp:67:3:[m[K [01;31m[Kerror: [m[Kâ€˜[01m[KNodeBaseInterfaceGetter[m[Kâ€™ does not name a type
   67 |   [01;31m[KNodeBaseInterfaceGetter[m[K node_base_interface_getter_;
      |   [01;31m[K^~~~~~~~~~~~~~~~~~~~~~~[m[K
[01m[K/opt/ros/humble/include/rclcpp_components/rclcpp_components/node_instance_wrapper.hpp:[m[K In constructor â€˜[01m[Kcomposition::rclcpp_components::NodeInstanceWrapper::NodeInstanceWrapper()[m[Kâ€™:
[01m[K/opt/ros/humble/include/rclcpp_components/rclcpp_components/node_instance_wrapper.hpp:33:5:[m[K [01;31m[Kerror: [m[Kclass â€˜[01m[Kcomposition::rclcpp_components::NodeInstanceWrapper[m[Kâ€™ does not have any field named â€˜[01m[Knode_instance_[m[Kâ€™
   33 |   : [01;31m[Knode_instance_[m[K(nullptr)
      |     [01;31m[K^~~~~~~~~~~~~~[m[K
[01m[K/opt/ros/humble/include/rclcpp_components/rclcpp_components/node_instance_wrapper.hpp:[m[K In member function â€˜[01m[Krclcpp::node_interfaces::NodeBaseInterface::SharedPtr composition::rclcpp_components::NodeInstanceWrapper::get_node_base_interface()[m[Kâ€™:
[01m[K/opt/ros/humble/include/rclcpp_components/rclcpp_components/node_instance_wrapper.hpp:62:40:[m[K [01;31m[Kerror: [m[Kâ€˜[01m[Knode_instance_[m[Kâ€™ was not declared in this scope
   62 |     return node_base_interface_getter_([01;31m[Knode_instance_[m[K);
      |                                        [01;31m[K^~~~~~~~~~~~~~[m[K
[01m[K/opt/ros/humble/include/rclcpp_components/rclcpp_components/node_instance_wrapper.hpp:62:12:[m[K [01;31m[Kerror: [m[Kâ€˜[01m[Knode_base_interface_getter_[m[Kâ€™ was not declared in this scope
   62 |     return [01;31m[Knode_base_interface_getter_[m[K(node_instance_);
      |            [01;31m[K^~~~~~~~~~~~~~~~~~~~~~~~~~~[m[K
In file included from [01m[K/opt/ros/humble/include/rclcpp_components/rclcpp_components/register_node_macro.hpp:19[m[K,
                 from [01m[K/home/gaeun/composition_assignment/src/talker_component.cpp:59[m[K:
[01m[K/opt/ros/humble/include/rclcpp_components/rclcpp_components/node_factory_template.hpp:[m[K In member function â€˜[01m[Kcomposition::rclcpp_components::NodeInstanceWrapper composition::rclcpp_components::NodeFactoryTemplate<NodeT>::create_node_instance(const rclcpp::NodeOptions&)[m[Kâ€™:
[01m[K/opt/ros/humble/include/rclcpp_components/rclcpp_components/node_factory_template.hpp:45:22:[m[K [01;31m[Kerror: [m[Kâ€˜[01m[Kmake_shared[m[Kâ€™ is not a member of â€˜[01m[Kcomposition::std[m[Kâ€™; did you mean â€˜[01m[Kstd::make_shared[m[Kâ€™?
   45 |     auto node = std::[01;31m[Kmake_shared[m[K<NodeT>(options);
      |                      [01;31m[K^~~~~~~~~~~[m[K
In file included from [01m[K/usr/include/c++/11/memory:77[m[K,
                 from [01m[K/opt/ros/humble/include/rclcpp/rclcpp/rclcpp.hpp:153[m[K,
                 from [01m[K/home/gaeun/composition_assignment/include/composition/talker_component.hpp:19[m[K,
                 from [01m[K/home/gaeun/composition_assignment/src/talker_component.cpp:15[m[K:
[01m[K/usr/include/c++/11/bits/shared_ptr.h:875:5:[m[K [01;36m[Knote: [m[Kâ€˜[01m[Kstd::make_shared[m[Kâ€™ declared here
  875 |     [01;36m[Kmake_shared[m[K(_Args&&... __args)
      |     [01;36m[K^~~~~~~~~~~[m[K
In file included from [01m[K/opt/ros/humble/include/rclcpp_components/rclcpp_components/register_node_macro.hpp:19[m[K,
                 from [01m[K/home/gaeun/composition_assignment/src/talker_component.cpp:59[m[K:
[01m[K/opt/ros/humble/include/rclcpp_components/rclcpp_components/node_factory_template.hpp:45:39:[m[K [01;31m[Kerror: [m[Kexpected primary-expression before â€˜[01m[K>[m[Kâ€™ token
   45 |     auto node = std::make_shared<NodeT[01;31m[K>[m[K(options);
      |                                       [01;31m[K^[m[K
[01m[K/opt/ros/humble/include/rclcpp_components/rclcpp_components/node_factory_template.hpp:48:18:[m[K [01;31m[Kerror: [m[Kâ€˜[01m[Kbind[m[Kâ€™ is not a member of â€˜[01m[Kcomposition::std[m[Kâ€™; did you mean â€˜[01m[Kstd::bind[m[Kâ€™?
   48 |       node, std::[01;31m[Kbind[m[K(&NodeT::get_node_base_interface, node));
      |                  [01;31m[K^~~~[m[K
In file included from [01m[K/usr/include/c++/11/pstl/glue_algorithm_defs.h:13[m[K,
                 from [01m[K/usr/include/c++/11/algorithm:74[m[K,
                 from [01m[K/opt/ros/humble/include/rclcpp/rclcpp/executor.hpp:18[m[K,
                 from [01m[K/opt/ros/humble/include/rclcpp/rclcpp/executors/multi_threaded_executor.hpp:25[m[K,
                 from [01m[K/opt/ros/humble/include/rclcpp/rclcpp/executors.hpp:21[m[K,
                 from [01m[K/opt/ros/humble/include/rclcpp/rclcpp/rclcpp.hpp:155[m[K,
                 from [01m[K/home/gaeun/composition_assignment/include/composition/talker_component.hpp:19[m[K,
                 from [01m[K/home/gaeun/composition_assignment/src/talker_component.cpp:15[m[K:
[01m[K/usr/include/c++/11/functional:813:5:[m[K [01;36m[Knote: [m[Kâ€˜[01m[Kstd::bind[m[Kâ€™ declared here
  813 |     [01;36m[Kbind[m[K(_Func&& __f, _BoundArgs&&... __args)
      |     [01;36m[K^~~~[m[K
In file included from [01m[K/opt/ros/humble/include/class_loader/class_loader/class_loader.hpp:56[m[K,
                 from [01m[K/opt/ros/humble/include/rclcpp_components/rclcpp_components/register_node_macro.hpp:18[m[K,
                 from [01m[K/home/gaeun/composition_assignment/src/talker_component.cpp:59[m[K:
[01m[K/home/gaeun/composition_assignment/src/talker_component.cpp:[m[K In constructor â€˜[01m[Kcomposition::{anonymous}::ProxyExec0::ProxyExec0()[m[Kâ€™:
[01m[K/home/gaeun/composition_assignment/src/talker_component.cpp:64:1:[m[K [01;31m[Kerror: [m[Kâ€˜[01m[Kstring[m[Kâ€™ is not a member of â€˜[01m[Kcomposition::std[m[Kâ€™
   64 | [01;31m[KRCLCPP_COMPONENTS_REGISTER_NODE[m[K(composition::Talker)
      | [01;31m[K^~~~~~~~~~~~~~~~~~~~~~~~~~~~~~~[m[K
[01m[K/home/gaeun/composition_assignment/src/talker_component.cpp:64:1:[m[K [01;36m[Knote: [m[Ksuggested alternatives:
In file included from [01m[K/usr/include/c++/11/iosfwd:39[m[K,
                 from [01m[K/usr/include/c++/11/bits/shared_ptr.h:52[m[K,
                 from [01m[K/usr/include/c++/11/memory:77[m[K,
                 from [01m[K/opt/ros/humble/include/rclcpp/rclcpp/rclcpp.hpp:153[m[K,
                 from [01m[K/home/gaeun/composition_assignment/include/composition/talker_component.hpp:19[m[K,
                 from [01m[K/home/gaeun/composition_assignment/src/talker_component.cpp:15[m[K:
[01m[K/usr/include/c++/11/bits/stringfwd.h:79:33:[m[K [01;36m[Knote: [m[K  â€˜[01m[Kstd::string[m[Kâ€™
   79 |   typedef basic_string<char>    [01;36m[Kstring[m[K;
      |                                 [01;36m[K^~~~~~[m[K
In file included from [01m[K/usr/include/c++/11/stdexcept:39[m[K,
                 from [01m[K/usr/include/c++/11/system_error:41[m[K,
                 from [01m[K/usr/include/c++/11/mutex:42[m[K,
                 from [01m[K/usr/include/c++/11/future:38[m[K,
                 from [01m[K/opt/ros/humble/include/rclcpp/rclcpp/executors.hpp:18[m[K,
                 from [01m[K/opt/ros/humble/include/rclcpp/rclcpp/rclcpp.hpp:155[m[K,
                 from [01m[K/home/gaeun/composition_assignment/include/composition/talker_component.hpp:19[m[K,
                 from [01m[K/home/gaeun/composition_assignment/src/talker_component.cpp:15[m[K:
[01m[K/usr/include/c++/11/string:67:11:[m[K [01;36m[Knote: [m[K  â€˜[01m[Kstd::pmr::string[m[Kâ€™
   67 |     using [01;36m[Kstring[m[K    = basic_string<char>;
      |           [01;36m[K^~~~~~[m[K
In file included from [01m[K/opt/ros/humble/include/class_loader/class_loader/class_loader.hpp:56[m[K,
                 from [01m[K/opt/ros/humble/include/rclcpp_components/rclcpp_components/register_node_macro.hpp:18[m[K,
                 from [01m[K/home/gaeun/composition_assignment/src/talker_component.cpp:59[m[K:
[01m[K/home/gaeun/composition_assignment/src/talker_component.cpp:64:1:[m[K [01;31m[Kerror: [m[Kinvalid conversion from â€˜[01m[Kconst char*[m[Kâ€™ to â€˜[01m[Kint[m[Kâ€™ [[01;31m[K]8;;https://gcc.gnu.org/onlinedocs/gcc/Warning-Options.html#index-fpermissive-fpermissive]8;;[m[K]
   64 | [01;31m[KRCLCPP_COMPONENTS_REGISTER_NODE[m[K(composition::Talker)
      | [01;31m[K^~~~~~~~~~~~~~~~~~~~~~~~~~~~~~~[m[K
      | [01;31m[K|[m[K
      | [01;31m[Kconst char*[m[K
In file included from [01m[K/opt/ros/humble/include/class_loader/class_loader/class_loader.hpp:55[m[K,
                 from [01m[K/opt/ros/humble/include/rclcpp_components/rclcpp_components/register_node_macro.hpp:18[m[K,
                 from [01m[K/home/gaeun/composition_assignment/src/talker_component.cpp:59[m[K:
[01m[K/opt/ros/humble/include/class_loader/class_loader/class_loader_core.hpp:210:41:[m[K [01;36m[Knote: [m[K  initializing argument 1 of â€˜[01m[Kvoid composition::class_loader::impl::registerPlugin(const int&, const int&) [with Derived = composition::rclcpp_components::NodeFactoryTemplate<composition::Talker>; Base = composition::rclcpp_components::NodeFactory][m[Kâ€™
  210 | void registerPlugin([01;36m[Kconst std::string & class_name[m[K, const std::string & base_class_name)
      |                     [01;36m[K~~~~~~~~~~~~~~~~~~~~^~~~~~~~~~[m[K
In file included from [01m[K/opt/ros/humble/include/class_loader/class_loader/class_loader.hpp:56[m[K,
                 from [01m[K/opt/ros/humble/include/rclcpp_components/rclcpp_components/register_node_macro.hpp:18[m[K,
                 from [01m[K/home/gaeun/composition_assignment/src/talker_component.cpp:59[m[K:
[01m[K/home/gaeun/composition_assignment/src/talker_component.cpp:64:1:[m[K [01;31m[Kerror: [m[Kinvalid conversion from â€˜[01m[Kconst char*[m[Kâ€™ to â€˜[01m[Kint[m[Kâ€™ [[01;31m[K]8;;https://gcc.gnu.org/onlinedocs/gcc/Warning-Options.html#index-fpermissive-fpermissive]8;;[m[K]
   64 | [01;31m[KRCLCPP_COMPONENTS_REGISTER_NODE[m[K(composition::Talker)
      | [01;31m[K^~~~~~~~~~~~~~~~~~~~~~~~~~~~~~~[m[K
      | [01;31m[K|[m[K
      | [01;31m[Kconst char*[m[K
In file included from [01m[K/opt/ros/humble/include/class_loader/class_loader/class_loader.hpp:55[m[K,
                 from [01m[K/opt/ros/humble/include/rclcpp_components/rclcpp_components/register_node_macro.hpp:18[m[K,
                 from [01m[K/home/gaeun/composition_assignment/src/talker_component.cpp:59[m[K:
[01m[K/opt/ros/humble/include/class_loader/class_loader/class_loader_core.hpp:210:73:[m[K [01;36m[Knote: [m[K  initializing argument 2 of â€˜[01m[Kvoid composition::class_loader::impl::registerPlugin(const int&, const int&) [with Derived = composition::rclcpp_components::NodeFactoryTemplate<composition::Talker>; Base = composition::rclcpp_components::NodeFactory][m[Kâ€™
  210 | rPlugin(const std::string & class_name, [01;36m[Kconst std::string & base_class_name[m[K)
      |                                         [01;36m[K~~~~~~~~~~~~~~~~~~~~^~~~~~~~~~~~~~~[m[K

In file included from [01m[K/opt/ros/humble/include/class_loader/class_loader/class_loader.hpp:56[m[K,
                 from [01m[K/opt/ros/humble/include/rclcpp_components/rclcpp_components/register_node_macro.hpp:18[m[K,
                 from [01m[K/home/gaeun/composition_assignment/src/talker_component.cpp:59[m[K:
[01m[K/home/gaeun/composition_assignment/src/talker_component.cpp:[m[K At global scope:
[01m[K/home/gaeun/composition_assignment/src/talker_component.cpp:64:1:[m[K [01;31m[Kerror: [m[Kexpected â€˜[01m[K}[m[Kâ€™ at end of input
   64 | [01;31m[KRCLCPP_COMPONENTS_REGISTER_NODE[m[K(composition::Talker)
      | [01;31m[K^~~~~~~~~~~~~~~~~~~~~~~~~~~~~~~[m[K
[01m[K/home/gaeun/composition_assignment/src/talker_component.cpp:29:1:[m[K [01;36m[Knote: [m[Kto match this â€˜[01m[K{[m[Kâ€™
   29 | [01;36m[K{[m[K
      | [01;36m[K^[m[K
In file included from [01m[K/opt/ros/humble/include/class_loader/class_loader/class_loader.hpp:50[m[K,
                 from [01m[K/opt/ros/humble/include/rclcpp_components/rclcpp_components/register_node_macro.hpp:18[m[K,
                 from [01m[K/home/gaeun/composition_assignment/src/talker_component.cpp:59[m[K:
/opt/ros/humble/include/class_loader/class_loader/class_loader_core.hpp: In instantiation of â€˜[01m[Kvoid composition::class_loader::impl::registerPlugin(const int&, const int&) [with Derived = composition::rclcpp_components::NodeFactoryTemplate<composition::Talker>; Base = composition::rclcpp_components::NodeFactory][m[Kâ€™:
[01m[K/home/gaeun/composition_assignment/src/talker_component.cpp:64:1:[m[K   required from here
[01m[K/opt/ros/humble/include/class_loader/class_loader/class_loader_core.hpp:215:3:[m[K [01;31m[Kerror: [m[Kâ€˜[01m[KgetCurrentlyLoadingLibraryName[m[Kâ€™ was not declared in this scope
  215 |   [01;31m[KCONSOLE_BRIDGE_logDebug[m[K(
      |   [01;31m[K^~~~~~~~~~~~~~~~~~~~~~~[m[K
In file included from [01m[K/opt/ros/humble/include/class_loader/class_loader/class_loader.hpp:55[m[K,
                 from [01m[K/opt/ros/humble/include/rclcpp_components/rclcpp_components/register_node_macro.hpp:18[m[K,
                 from [01m[K/home/gaeun/composition_assignment/src/talker_component.cpp:59[m[K:
[01m[K/opt/ros/humble/include/class_loader/class_loader/class_loader_core.hpp:250:36:[m[K [01;31m[Kerror: [m[Kâ€˜[01m[KgetPluginBaseToFactoryMapMapMutex[m[Kâ€™ was not declared in this scope
  250 |   [01;31m[KgetPluginBaseToFactoryMapMapMutex()[m[K.lock();
      |   [01;31m[K~~~~~~~~~~~~~~~~~~~~~~~~~~~~~~~~~^~[m[K
[01m[K/home/gaeun/composition_assignment/src/talker_component.cpp:30:15:[m[K [01;35m[Kwarning: [m[Kâ€˜[01m[Kcomposition::fixed_key[m[Kâ€™ defined but not used [[01;35m[K]8;;https://gcc.gnu.org/onlinedocs/gcc/Warning-Options.html#index-Wunused-variable-Wunused-variable]8;;[m[K]
   30 |   static char [01;35m[Kfixed_key[m[K[32];
      |               [01;35m[K^~~~~~~~~[m[K
gmake[2]: *** [CMakeFiles/talker_component.dir/build.make:76: CMakeFiles/talker_component.dir/src/talker_component.cpp.o] Error 1
gmake[1]: *** [CMakeFiles/Makefile2:141: CMakeFiles/talker_component.dir/all] Error 2
gmake: *** [Makefile:146: all] Error 2
