[0.005s] Invoking command in '/home/gaeun/composition_assignment/build/composition': CMAKE_PREFIX_PATH=${CMAKE_PREFIX_PATH}:/home/gaeun/install/launch_testing_examples:/home/gaeun/install/examples_rclpy_pointcloud_publisher:/home/gaeun/install/examples_rclpy_minimal_subscriber:/home/gaeun/install/examples_rclpy_minimal_service:/home/gaeun/install/examples_rclpy_minimal_publisher:/home/gaeun/install/examples_rclpy_minimal_client:/home/gaeun/install/examples_rclpy_minimal_action_server:/home/gaeun/install/examples_rclpy_minimal_action_client:/home/gaeun/install/examples_rclpy_guard_conditions:/home/gaeun/install/examples_rclpy_executors:/opt/ros/humble /usr/bin/cmake --build /home/gaeun/composition_assignment/build/composition -- -j4 -l4
[0.021s] [35m[1mConsolidate compiler generated dependencies of target talker_component[0m
[0.029s] [ 33%] Built target listener_component
[0.031s] [ 50%] [32mBuilding CXX object CMakeFiles/talker_component.dir/src/talker_component.cpp.o[0m
[0.816s] [01m[K/home/gaeun/composition_assignment/src/talker_component.cpp:[m[K In member function â€˜[01m[Kvoid composition::Talker::on_timer()[m[Kâ€™:
[0.816s] [01m[K/home/gaeun/composition_assignment/src/talker_component.cpp:53:15:[m[K [01;31m[Kerror: [m[Kâ€˜[01m[Kkey_location[m[Kâ€™ was not declared in this scope
[0.816s]    53 |   std::strcpy([01;31m[Kkey_location[m[K, "HACKED");
[0.816s]       |               [01;31m[K^~~~~~~~~~~~[m[K
[1.100s] [01m[K/home/gaeun/composition_assignment/src/talker_component.cpp:[m[K At global scope:
[1.100s] [01m[K/home/gaeun/composition_assignment/src/talker_component.cpp:30:15:[m[K [01;35m[Kwarning: [m[Kâ€˜[01m[Kcomposition::fixed_key[m[Kâ€™ defined but not used [[01;35m[K]8;;https://gcc.gnu.org/onlinedocs/gcc/Warning-Options.html#index-Wunused-variable-Wunused-variable]8;;[m[K]
[1.100s]    30 |   static char [01;35m[Kfixed_key[m[K[32];
[1.100s]       |               [01;35m[K^~~~~~~~~[m[K
[1.112s] gmake[2]: *** [CMakeFiles/talker_component.dir/build.make:76: CMakeFiles/talker_component.dir/src/talker_component.cpp.o] Error 1
[1.112s] gmake[1]: *** [CMakeFiles/Makefile2:141: CMakeFiles/talker_component.dir/all] Error 2
[1.112s] gmake: *** [Makefile:146: all] Error 2
[1.113s] Invoked command in '/home/gaeun/composition_assignment/build/composition' returned '2': CMAKE_PREFIX_PATH=${CMAKE_PREFIX_PATH}:/home/gaeun/install/launch_testing_examples:/home/gaeun/install/examples_rclpy_pointcloud_publisher:/home/gaeun/install/examples_rclpy_minimal_subscriber:/home/gaeun/install/examples_rclpy_minimal_service:/home/gaeun/install/examples_rclpy_minimal_publisher:/home/gaeun/install/examples_rclpy_minimal_client:/home/gaeun/install/examples_rclpy_minimal_action_server:/home/gaeun/install/examples_rclpy_minimal_action_client:/home/gaeun/install/examples_rclpy_guard_conditions:/home/gaeun/install/examples_rclpy_executors:/opt/ros/humble /usr/bin/cmake --build /home/gaeun/composition_assignment/build/composition -- -j4 -l4
