[35m[1mConsolidate compiler generated dependencies of target talker_component[0m
[ 16%] [32mBuilding CXX object CMakeFiles/listener_component.dir/src/listener_component.cpp.o[0m
[ 33%] [32mBuilding CXX object CMakeFiles/talker_component.dir/src/talker_component.cpp.o[0m
[01m[K/home/gaeun/composition_assignment/src/listener_component.cpp:4:1:[m[K [01;31m[Kerror: [m[Kâ€˜[01m[Ki[m[Kâ€™ does not name a type
    4 | [01;31m[Ki[m[K// you may not use this file except in compliance with the License.
      | [01;31m[K^[m[K
[01m[K/home/gaeun/composition_assignment/src/talker_component.cpp:[m[K In member function â€˜[01m[Kvoid composition::Talker::on_timer()[m[Kâ€™:
[01m[K/home/gaeun/composition_assignment/src/talker_component.cpp:52:3:[m[K [01;31m[Kerror: [m[Kâ€˜[01m[KRCLPP_INFO[m[Kâ€™ was not declared in this scope; did you mean â€˜[01m[KRCLCPP_INFO[m[Kâ€™?
   52 |   [01;31m[KRCLPP_INFO[m[K(this->get_logger(), "Accessing Listener inter KEY to: %s", key_location);
      |   [01;31m[K^~~~~~~~~~[m[K
      |   [32m[KRCLCPP_INFO[m[K
[01m[K/home/gaeun/composition_assignment/src/talker_component.cpp:[m[K At global scope:
[01m[K/home/gaeun/composition_assignment/src/talker_component.cpp:30:15:[m[K [01;35m[Kwarning: [m[Kâ€˜[01m[Kcomposition::fixed_key[m[Kâ€™ defined but not used [[01;35m[K]8;;https://gcc.gnu.org/onlinedocs/gcc/Warning-Options.html#index-Wunused-variable-Wunused-variable]8;;[m[K]
   30 |   static char [01;35m[Kfixed_key[m[K[32];
      |               [01;35m[K^~~~~~~~~[m[K
gmake[2]: *** [CMakeFiles/talker_component.dir/build.make:76: CMakeFiles/talker_component.dir/src/talker_component.cpp.o] Error 1
gmake[1]: *** [CMakeFiles/Makefile2:141: CMakeFiles/talker_component.dir/all] Error 2
gmake[1]: *** Waiting for unfinished jobs....
gmake[2]: *** [CMakeFiles/listener_component.dir/build.make:76: CMakeFiles/listener_component.dir/src/listener_component.cpp.o] Error 1
gmake[1]: *** [CMakeFiles/Makefile2:167: CMakeFiles/listener_component.dir/all] Error 2
gmake: *** [Makefile:146: all] Error 2
